<?xml version="1.0" encoding="UTF-8"?><testrun name="ProdutoTests" project="listando" tests="5" started="0" failures="0" errors="1" ignored="0">
  <testsuite name="br.com.listando.listando.service.ProdutoTests" incomplete="true" displayname="ProdutoTests" uniqueid="[engine:junit-jupiter]/[class:br.com.listando.listando.service.ProdutoTests]">
    <error>org.junit.platform.commons.JUnitException: @BeforeEach method 'public static void br.com.listando.listando.service.ProdutoTests.setup()' must not be static.&#13;
	at org.junit.jupiter.engine.descriptor.LifecycleMethodUtils.assertNonStatic(LifecycleMethodUtils.java:65)&#13;
	at org.junit.jupiter.engine.descriptor.LifecycleMethodUtils.lambda$findMethodsAndAssertNonStatic$1(LifecycleMethodUtils.java:89)&#13;
	at java.base/java.util.ArrayList.forEach(ArrayList.java:1511)&#13;
	at java.base/java.util.Collections$UnmodifiableCollection.forEach(Collections.java:1092)&#13;
	at org.junit.jupiter.engine.descriptor.LifecycleMethodUtils.findMethodsAndAssertNonStatic(LifecycleMethodUtils.java:89)&#13;
	at org.junit.jupiter.engine.descriptor.LifecycleMethodUtils.findBeforeEachMethods(LifecycleMethodUtils.java:48)&#13;
	at org.junit.jupiter.engine.descriptor.ClassBasedTestDescriptor.registerBeforeEachMethodAdapters(ClassBasedTestDescriptor.java:464)&#13;
	at org.junit.jupiter.engine.descriptor.ClassBasedTestDescriptor.prepare(ClassBasedTestDescriptor.java:170)&#13;
	at org.junit.jupiter.engine.descriptor.ClassBasedTestDescriptor.prepare(ClassBasedTestDescriptor.java:80)&#13;
	at org.junit.platform.engine.support.hierarchical.NodeTestTask.lambda$prepare$2(NodeTestTask.java:123)&#13;
	at org.junit.platform.engine.support.hierarchical.ThrowableCollector.execute(ThrowableCollector.java:73)&#13;
	at org.junit.platform.engine.support.hierarchical.NodeTestTask.prepare(NodeTestTask.java:123)&#13;
	at org.junit.platform.engine.support.hierarchical.NodeTestTask.execute(NodeTestTask.java:90)&#13;
	at java.base/java.util.ArrayList.forEach(ArrayList.java:1511)&#13;
	at org.junit.platform.engine.support.hierarchical.SameThreadHierarchicalTestExecutorService.invokeAll(SameThreadHierarchicalTestExecutorService.java:41)&#13;
	at org.junit.platform.engine.support.hierarchical.NodeTestTask.lambda$executeRecursively$6(NodeTestTask.java:155)&#13;
	at org.junit.platform.engine.support.hierarchical.ThrowableCollector.execute(ThrowableCollector.java:73)&#13;
	at org.junit.platform.engine.support.hierarchical.NodeTestTask.lambda$executeRecursively$8(NodeTestTask.java:141)&#13;
	at org.junit.platform.engine.support.hierarchical.Node.around(Node.java:137)&#13;
	at org.junit.platform.engine.support.hierarchical.NodeTestTask.lambda$executeRecursively$9(NodeTestTask.java:139)&#13;
	at org.junit.platform.engine.support.hierarchical.ThrowableCollector.execute(ThrowableCollector.java:73)&#13;
	at org.junit.platform.engine.support.hierarchical.NodeTestTask.executeRecursively(NodeTestTask.java:138)&#13;
	at org.junit.platform.engine.support.hierarchical.NodeTestTask.execute(NodeTestTask.java:95)&#13;
	at org.junit.platform.engine.support.hierarchical.SameThreadHierarchicalTestExecutorService.submit(SameThreadHierarchicalTestExecutorService.java:35)&#13;
	at org.junit.platform.engine.support.hierarchical.HierarchicalTestExecutor.execute(HierarchicalTestExecutor.java:57)&#13;
	at org.junit.platform.engine.support.hierarchical.HierarchicalTestEngine.execute(HierarchicalTestEngine.java:54)&#13;
	at org.junit.platform.launcher.core.EngineExecutionOrchestrator.execute(EngineExecutionOrchestrator.java:107)&#13;
	at org.junit.platform.launcher.core.EngineExecutionOrchestrator.execute(EngineExecutionOrchestrator.java:88)&#13;
	at org.junit.platform.launcher.core.EngineExecutionOrchestrator.lambda$execute$0(EngineExecutionOrchestrator.java:54)&#13;
	at org.junit.platform.launcher.core.EngineExecutionOrchestrator.withInterceptedStreams(EngineExecutionOrchestrator.java:67)&#13;
	at org.junit.platform.launcher.core.EngineExecutionOrchestrator.execute(EngineExecutionOrchestrator.java:52)&#13;
	at org.junit.platform.launcher.core.DefaultLauncher.execute(DefaultLauncher.java:114)&#13;
	at org.junit.platform.launcher.core.DefaultLauncher.execute(DefaultLauncher.java:95)&#13;
	at org.junit.platform.launcher.core.DefaultLauncherSession$DelegatingLauncher.execute(DefaultLauncherSession.java:91)&#13;
	at org.junit.platform.launcher.core.SessionPerRequestLauncher.execute(SessionPerRequestLauncher.java:60)&#13;
	at org.eclipse.jdt.internal.junit5.runner.JUnit5TestReference.run(JUnit5TestReference.java:98)&#13;
	at org.eclipse.jdt.internal.junit.runner.TestExecution.run(TestExecution.java:40)&#13;
	at org.eclipse.jdt.internal.junit.runner.RemoteTestRunner.runTests(RemoteTestRunner.java:529)&#13;
	at org.eclipse.jdt.internal.junit.runner.RemoteTestRunner.runTests(RemoteTestRunner.java:756)&#13;
	at org.eclipse.jdt.internal.junit.runner.RemoteTestRunner.run(RemoteTestRunner.java:452)&#13;
	at org.eclipse.jdt.internal.junit.runner.RemoteTestRunner.main(RemoteTestRunner.java:210)&#13;
&#13;
</error>
    <testcase name="shouldFindById" classname="br.com.listando.listando.service.ProdutoTests" incomplete="true" displayname="shouldFindById()" uniqueid="[engine:junit-jupiter]/[class:br.com.listando.listando.service.ProdutoTests]/[method:shouldFindById()]"/>
    <testcase name="shouldFindByKeyword" classname="br.com.listando.listando.service.ProdutoTests" incomplete="true" displayname="shouldFindByKeyword()" uniqueid="[engine:junit-jupiter]/[class:br.com.listando.listando.service.ProdutoTests]/[method:shouldFindByKeyword()]"/>
    <testcase name="shuoldNotFindById" classname="br.com.listando.listando.service.ProdutoTests" incomplete="true" displayname="shuoldNotFindById()" uniqueid="[engine:junit-jupiter]/[class:br.com.listando.listando.service.ProdutoTests]/[method:shuoldNotFindById()]"/>
    <testcase name="shouldListAll" classname="br.com.listando.listando.service.ProdutoTests" incomplete="true" displayname="shouldListAll()" uniqueid="[engine:junit-jupiter]/[class:br.com.listando.listando.service.ProdutoTests]/[method:shouldListAll()]"/>
    <testcase name="shouldRecordProduct" classname="br.com.listando.listando.service.ProdutoTests" incomplete="true" displayname="shouldRecordProduct()" uniqueid="[engine:junit-jupiter]/[class:br.com.listando.listando.service.ProdutoTests]/[method:shouldRecordProduct()]"/>
  </testsuite>
</testrun>
